<?xml version="1.0" encoding="UTF-8"?>
<testsuite xmlns:xsi="http://www.w3.org/2001/XMLSchema-instance" xsi:noNamespaceSchemaLocation="https://maven.apache.org/surefire/maven-surefire-plugin/xsd/surefire-test-report.xsd" name="NTtestcase" time="22.326" tests="12" errors="0" skipped="0" failures="4">
  <properties>
[...]
</properties>
  <testcase name="testAll{int, boolean}[1]" classname="NTtestcase" time="2.084">
    <failure message="expected: &lt;true&gt; but was: &lt;false&gt;" type="org.opentest4j.AssertionFailedError"><![CDATA[org.opentest4j.AssertionFailedError: expected: <true> but was: <false>
	at NTtestcase.testAll(NTtestcase.java:64)
]]></failure>
    <system-out><![CDATA[Before All
]]></system-out>
  </testcase>
  <testcase name="testAll{int, boolean}[2]" classname="NTtestcase" time="2.006">
    <failure message="expected: &lt;false&gt; but was: &lt;true&gt;" type="org.opentest4j.AssertionFailedError"><![CDATA[org.opentest4j.AssertionFailedError: expected: <false> but was: <true>
	at NTtestcase.testAll(NTtestcase.java:64)
]]></failure>
  </testcase>
  <testcase name="testAll{int, boolean}[3]" classname="NTtestcase" time="2.01"/>
  <testcase name="testTrue{int}[1]" classname="NTtestcase" time="2.005"/>
  <testcase name="testTrue{int}[2]" classname="NTtestcase" time="2.009"/>
  <testcase name="testTrue{int}[3]" classname="NTtestcase" time="2.011"/>
  <testcase name="testTrue{int}[4]" classname="NTtestcase" time="2.006">
    <failure message="expected: &lt;true&gt; but was: &lt;false&gt;" type="org.opentest4j.AssertionFailedError"><![CDATA[org.opentest4j.AssertionFailedError: expected: <true> but was: <false>
	at NTtestcase.testTrue(NTtestcase.java:58)
]]></failure>
  </testcase>
  <testcase name="testAllInFile{int, boolean, String}[1]" classname="NTtestcase" time="2.01">
    <failure message="Sai 100% ==&gt; expected: &lt;true&gt; but was: &lt;false&gt;" type="org.opentest4j.AssertionFailedError"><![CDATA[org.opentest4j.AssertionFailedError: Sai 100% ==> expected: <true> but was: <false>
	at NTtestcase.testAllInFile(NTtestcase.java:70)
]]></failure>
  </testcase>
  <testcase name="testAllInFile{int, boolean, String}[2]" classname="NTtestcase" time="2.002"/>
  <testcase name="testAllInFile{int, boolean, String}[3]" classname="NTtestcase" time="2.009"/>
  <testcase name="testNtException" classname="NTtestcase" time="0.007"/>
  <testcase name="testNtChan" classname="NTtestcase" time="2.016"/>
</testsuite>